e:\大二学习\计算机图形\mycg\x64\debug\mycg.pch
e:\大二学习\计算机图形\mycg\x64\debug\vc143.pdb
e:\大二学习\计算机图形\mycg\x64\debug\vc143.idb
e:\大二学习\计算机图形\mycg\x64\debug\pch.obj
e:\大二学习\计算机图形\mycg\x64\debug\mycgview.obj
e:\大二学习\计算机图形\mycg\x64\debug\mycgdoc.obj
e:\大二学习\计算机图形\mycg\x64\debug\mycg.obj
e:\大二学习\计算机图形\mycg\x64\debug\mainfrm.obj
e:\大二学习\计算机图形\mycg\x64\debug\mycg.exe
e:\大二学习\计算机图形\mycg\x64\debug\mycg.ilk
e:\大二学习\计算机图形\mycg\x64\debug\mycg.pdb
e:\大二学习\计算机图形\mycg\x64\debug\mycg.res
e:\大二学习\计算机图形\mycg\x64\debug\mycg.tlog\cl.command.1.tlog
e:\大二学习\计算机图形\mycg\x64\debug\mycg.tlog\cl.read.1.tlog
e:\大二学习\计算机图形\mycg\x64\debug\mycg.tlog\cl.write.1.tlog
e:\大二学习\计算机图形\mycg\x64\debug\mycg.tlog\link.command.1.tlog
e:\大二学习\计算机图形\mycg\x64\debug\mycg.tlog\link.read.1.tlog
e:\大二学习\计算机图形\mycg\x64\debug\mycg.tlog\link.write.1.tlog
e:\大二学习\计算机图形\mycg\x64\debug\mycg.tlog\rc.command.1.tlog
e:\大二学习\计算机图形\mycg\x64\debug\mycg.tlog\rc.read.1.tlog
e:\大二学习\计算机图形\mycg\x64\debug\mycg.tlog\rc.write.1.tlog
